c:\users\roger\desktop\roger\provamaster\zork\zorkroger\zorkroger\debug\vc141.pdb
c:\users\roger\desktop\roger\provamaster\zork\zorkroger\zorkroger\debug\vc141.idb
c:\users\roger\desktop\roger\provamaster\zork\zorkroger\zorkroger\debug\parser.obj
c:\users\roger\desktop\roger\provamaster\zork\zorkroger\zorkroger\debug\item.obj
c:\users\roger\desktop\roger\provamaster\zork\zorkroger\zorkroger\debug\entity.obj
c:\users\roger\desktop\roger\provamaster\zork\zorkroger\zorkroger\debug\world.obj
c:\users\roger\desktop\roger\provamaster\zork\zorkroger\zorkroger\debug\exit.obj
c:\users\roger\desktop\roger\provamaster\zork\zorkroger\zorkroger\debug\main.obj
c:\users\roger\desktop\roger\provamaster\zork\zorkroger\zorkroger\debug\room.obj
c:\users\roger\desktop\roger\provamaster\zork\zorkroger\zorkroger\debug\player.obj
c:\users\roger\desktop\roger\provamaster\zork\zorkroger\zorkroger\debug\npc.obj
c:\users\roger\desktop\roger\provamaster\zork\zorkroger\zorkroger\debug\creature.obj
c:\users\roger\desktop\roger\provamaster\zork\zorkroger\debug\zorkroger.exe
c:\users\roger\desktop\roger\provamaster\zork\zorkroger\debug\zorkroger.ilk
c:\users\roger\desktop\roger\provamaster\zork\zorkroger\debug\zorkroger.pdb
c:\users\roger\desktop\roger\provamaster\zork\zorkroger\zorkroger\debug\zorkroger.res
c:\users\roger\desktop\roger\provamaster\zork\zorkroger\zorkroger\debug\zorkroger.tlog\cl.command.1.tlog
c:\users\roger\desktop\roger\provamaster\zork\zorkroger\zorkroger\debug\zorkroger.tlog\cl.read.1.tlog
c:\users\roger\desktop\roger\provamaster\zork\zorkroger\zorkroger\debug\zorkroger.tlog\cl.write.1.tlog
c:\users\roger\desktop\roger\provamaster\zork\zorkroger\zorkroger\debug\zorkroger.tlog\link.command.1.tlog
c:\users\roger\desktop\roger\provamaster\zork\zorkroger\zorkroger\debug\zorkroger.tlog\link.read.1.tlog
c:\users\roger\desktop\roger\provamaster\zork\zorkroger\zorkroger\debug\zorkroger.tlog\link.write.1.tlog
c:\users\roger\desktop\roger\provamaster\zork\zorkroger\zorkroger\debug\zorkroger.tlog\rc.command.1.tlog
c:\users\roger\desktop\roger\provamaster\zork\zorkroger\zorkroger\debug\zorkroger.tlog\rc.read.1.tlog
c:\users\roger\desktop\roger\provamaster\zork\zorkroger\zorkroger\debug\zorkroger.tlog\rc.write.1.tlog
